{"/Users/Danny/Documents/freelance/rev-financial-api/dist/index.js": {"path":"/Users/Danny/Documents/freelance/rev-financial-api/dist/index.js","statementMap":{"0":{"start":{"line":2,"column":22},"end":{"line":4,"column":1}},"1":{"start":{"line":3,"column":4},"end":{"line":3,"column":62}},"2":{"start":{"line":5,"column":0},"end":{"line":5,"column":62}},"3":{"start":{"line":6,"column":18},"end":{"line":6,"column":53}},"4":{"start":{"line":7,"column":22},"end":{"line":7,"column":61}},"5":{"start":{"line":8,"column":15},"end":{"line":8,"column":32}},"6":{"start":{"line":9,"column":12},"end":{"line":9,"column":36}},"7":{"start":{"line":10,"column":13},"end":{"line":10,"column":17}},"8":{"start":{"line":11,"column":0},"end":{"line":11,"column":38}},"9":{"start":{"line":14,"column":0},"end":{"line":16,"column":3}},"10":{"start":{"line":15,"column":4},"end":{"line":15,"column":46}},"11":{"start":{"line":19,"column":0},"end":{"line":35,"column":3}},"12":{"start":{"line":20,"column":24},"end":{"line":20,"column":32}},"13":{"start":{"line":21,"column":27},"end":{"line":21,"column":37}},"14":{"start":{"line":22,"column":4},"end":{"line":24,"column":5}},"15":{"start":{"line":23,"column":8},"end":{"line":23,"column":95}},"16":{"start":{"line":25,"column":4},"end":{"line":27,"column":5}},"17":{"start":{"line":26,"column":8},"end":{"line":26,"column":86}},"18":{"start":{"line":28,"column":27},"end":{"line":28,"column":91}},"19":{"start":{"line":29,"column":4},"end":{"line":34,"column":5}},"20":{"start":{"line":30,"column":8},"end":{"line":30,"column":45}},"21":{"start":{"line":33,"column":8},"end":{"line":33,"column":79}},"22":{"start":{"line":38,"column":0},"end":{"line":57,"column":3}},"23":{"start":{"line":39,"column":23},"end":{"line":39,"column":31}},"24":{"start":{"line":40,"column":25},"end":{"line":40,"column":35}},"25":{"start":{"line":41,"column":4},"end":{"line":43,"column":5}},"26":{"start":{"line":42,"column":8},"end":{"line":42,"column":110}},"27":{"start":{"line":44,"column":4},"end":{"line":46,"column":5}},"28":{"start":{"line":45,"column":8},"end":{"line":45,"column":92}},"29":{"start":{"line":47,"column":4},"end":{"line":49,"column":5}},"30":{"start":{"line":48,"column":8},"end":{"line":48,"column":88}},"31":{"start":{"line":50,"column":24},"end":{"line":50,"column":96}},"32":{"start":{"line":51,"column":4},"end":{"line":56,"column":5}},"33":{"start":{"line":52,"column":8},"end":{"line":52,"column":42}},"34":{"start":{"line":55,"column":8},"end":{"line":55,"column":75}},"35":{"start":{"line":60,"column":0},"end":{"line":74,"column":3}},"36":{"start":{"line":61,"column":26},"end":{"line":61,"column":36}},"37":{"start":{"line":62,"column":4},"end":{"line":66,"column":5}},"38":{"start":{"line":64,"column":8},"end":{"line":64,"column":47}},"39":{"start":{"line":65,"column":8},"end":{"line":65,"column":110}},"40":{"start":{"line":67,"column":27},"end":{"line":67,"column":79}},"41":{"start":{"line":69,"column":4},"end":{"line":69,"column":50}},"42":{"start":{"line":70,"column":4},"end":{"line":72,"column":5}},"43":{"start":{"line":71,"column":8},"end":{"line":71,"column":87}},"44":{"start":{"line":73,"column":4},"end":{"line":73,"column":41}},"45":{"start":{"line":75,"column":0},"end":{"line":80,"column":1}},"46":{"start":{"line":76,"column":4},"end":{"line":79,"column":7}},"47":{"start":{"line":78,"column":8},"end":{"line":78,"column":59}},"48":{"start":{"line":81,"column":0},"end":{"line":81,"column":22}}},"fnMap":{"0":{"name":"(anonymous_0)","decl":{"start":{"line":2,"column":56},"end":{"line":2,"column":57}},"loc":{"start":{"line":2,"column":71},"end":{"line":4,"column":1}},"line":2},"1":{"name":"(anonymous_1)","decl":{"start":{"line":14,"column":13},"end":{"line":14,"column":14}},"loc":{"start":{"line":14,"column":27},"end":{"line":16,"column":1}},"line":14},"2":{"name":"(anonymous_2)","decl":{"start":{"line":19,"column":33},"end":{"line":19,"column":34}},"loc":{"start":{"line":19,"column":47},"end":{"line":35,"column":1}},"line":19},"3":{"name":"(anonymous_3)","decl":{"start":{"line":38,"column":32},"end":{"line":38,"column":33}},"loc":{"start":{"line":38,"column":46},"end":{"line":57,"column":1}},"line":38},"4":{"name":"(anonymous_4)","decl":{"start":{"line":60,"column":39},"end":{"line":60,"column":40}},"loc":{"start":{"line":60,"column":53},"end":{"line":74,"column":1}},"line":60},"5":{"name":"(anonymous_5)","decl":{"start":{"line":76,"column":21},"end":{"line":76,"column":22}},"loc":{"start":{"line":76,"column":27},"end":{"line":79,"column":5}},"line":76}},"branchMap":{"0":{"loc":{"start":{"line":2,"column":22},"end":{"line":4,"column":1}},"type":"binary-expr","locations":[{"start":{"line":2,"column":23},"end":{"line":2,"column":27}},{"start":{"line":2,"column":31},"end":{"line":2,"column":51}},{"start":{"line":2,"column":56},"end":{"line":4,"column":1}}],"line":2},"1":{"loc":{"start":{"line":3,"column":11},"end":{"line":3,"column":61}},"type":"cond-expr","locations":[{"start":{"line":3,"column":37},"end":{"line":3,"column":40}},{"start":{"line":3,"column":43},"end":{"line":3,"column":61}}],"line":3},"2":{"loc":{"start":{"line":3,"column":12},"end":{"line":3,"column":33}},"type":"binary-expr","locations":[{"start":{"line":3,"column":12},"end":{"line":3,"column":15}},{"start":{"line":3,"column":19},"end":{"line":3,"column":33}}],"line":3},"3":{"loc":{"start":{"line":22,"column":4},"end":{"line":24,"column":5}},"type":"if","locations":[{"start":{"line":22,"column":4},"end":{"line":24,"column":5}},{"start":{},"end":{}}],"line":22},"4":{"loc":{"start":{"line":25,"column":4},"end":{"line":27,"column":5}},"type":"if","locations":[{"start":{"line":25,"column":4},"end":{"line":27,"column":5}},{"start":{},"end":{}}],"line":25},"5":{"loc":{"start":{"line":29,"column":4},"end":{"line":34,"column":5}},"type":"if","locations":[{"start":{"line":29,"column":4},"end":{"line":34,"column":5}},{"start":{"line":32,"column":9},"end":{"line":34,"column":5}}],"line":29},"6":{"loc":{"start":{"line":41,"column":4},"end":{"line":43,"column":5}},"type":"if","locations":[{"start":{"line":41,"column":4},"end":{"line":43,"column":5}},{"start":{},"end":{}}],"line":41},"7":{"loc":{"start":{"line":41,"column":8},"end":{"line":41,"column":90}},"type":"binary-expr","locations":[{"start":{"line":41,"column":8},"end":{"line":41,"column":13}},{"start":{"line":41,"column":17},"end":{"line":41,"column":20}},{"start":{"line":41,"column":24},"end":{"line":41,"column":56}},{"start":{"line":41,"column":60},"end":{"line":41,"column":90}}],"line":41},"8":{"loc":{"start":{"line":44,"column":4},"end":{"line":46,"column":5}},"type":"if","locations":[{"start":{"line":44,"column":4},"end":{"line":46,"column":5}},{"start":{},"end":{}}],"line":44},"9":{"loc":{"start":{"line":47,"column":4},"end":{"line":49,"column":5}},"type":"if","locations":[{"start":{"line":47,"column":4},"end":{"line":49,"column":5}},{"start":{},"end":{}}],"line":47},"10":{"loc":{"start":{"line":51,"column":4},"end":{"line":56,"column":5}},"type":"if","locations":[{"start":{"line":51,"column":4},"end":{"line":56,"column":5}},{"start":{"line":54,"column":9},"end":{"line":56,"column":5}}],"line":51},"11":{"loc":{"start":{"line":62,"column":4},"end":{"line":66,"column":5}},"type":"if","locations":[{"start":{"line":62,"column":4},"end":{"line":66,"column":5}},{"start":{},"end":{}}],"line":62},"12":{"loc":{"start":{"line":70,"column":4},"end":{"line":72,"column":5}},"type":"if","locations":[{"start":{"line":70,"column":4},"end":{"line":72,"column":5}},{"start":{},"end":{}}],"line":70},"13":{"loc":{"start":{"line":75,"column":0},"end":{"line":80,"column":1}},"type":"if","locations":[{"start":{"line":75,"column":0},"end":{"line":80,"column":1}},{"start":{},"end":{}}],"line":75}},"s":{"0":1,"1":2,"2":1,"3":1,"4":1,"5":1,"6":1,"7":1,"8":1,"9":1,"10":0,"11":1,"12":15,"13":15,"14":15,"15":2,"16":15,"17":1,"18":15,"19":15,"20":15,"21":0,"22":1,"23":4,"24":4,"25":4,"26":0,"27":4,"28":1,"29":4,"30":1,"31":4,"32":4,"33":4,"34":0,"35":1,"36":3,"37":3,"38":1,"39":1,"40":3,"41":3,"42":3,"43":2,"44":2,"45":1,"46":0,"47":0,"48":1},"f":{"0":2,"1":0,"2":15,"3":4,"4":3,"5":0},"b":{"0":[1,1,1],"1":[0,2],"2":[2,2],"3":[2,13],"4":[1,14],"5":[15,0],"6":[0,4],"7":[4,4,4,4],"8":[1,3],"9":[1,3],"10":[4,0],"11":[1,2],"12":[2,1],"13":[0,1]},"inputSourceMap":null,"_coverageSchema":"1a1c01bbd47fc00a2c39e90264f33305004495a9","hash":"68a38cb28565baa5b44b0a6f30df4095462f8006"}
,"/Users/Danny/Documents/freelance/rev-financial-api/dist/data/accounts.js": {"path":"/Users/Danny/Documents/freelance/rev-financial-api/dist/data/accounts.js","statementMap":{"0":{"start":{"line":2,"column":0},"end":{"line":2,"column":62}},"1":{"start":{"line":3,"column":0},"end":{"line":3,"column":114}},"2":{"start":{"line":4,"column":17},"end":{"line":4,"column":19}},"3":{"start":{"line":11,"column":26},"end":{"line":21,"column":1}},"4":{"start":{"line":12,"column":18},"end":{"line":12,"column":50}},"5":{"start":{"line":13,"column":23},"end":{"line":18,"column":5}},"6":{"start":{"line":19,"column":4},"end":{"line":19,"column":33}},"7":{"start":{"line":20,"column":4},"end":{"line":20,"column":22}},"8":{"start":{"line":22,"column":0},"end":{"line":22,"column":46}},"9":{"start":{"line":30,"column":23},"end":{"line":48,"column":1}},"10":{"start":{"line":31,"column":24},"end":{"line":36,"column":5}},"11":{"start":{"line":37,"column":24},"end":{"line":37,"column":38}},"12":{"start":{"line":38,"column":22},"end":{"line":38,"column":34}},"13":{"start":{"line":39,"column":27},"end":{"line":39,"column":55}},"14":{"start":{"line":40,"column":25},"end":{"line":40,"column":51}},"15":{"start":{"line":41,"column":31},"end":{"line":41,"column":55}},"16":{"start":{"line":42,"column":4},"end":{"line":42,"column":41}},"17":{"start":{"line":43,"column":29},"end":{"line":43,"column":51}},"18":{"start":{"line":44,"column":4},"end":{"line":44,"column":39}},"19":{"start":{"line":45,"column":4},"end":{"line":45,"column":125}},"20":{"start":{"line":46,"column":4},"end":{"line":46,"column":117}},"21":{"start":{"line":47,"column":4},"end":{"line":47,"column":23}},"22":{"start":{"line":49,"column":0},"end":{"line":49,"column":40}},"23":{"start":{"line":55,"column":24},"end":{"line":62,"column":1}},"24":{"start":{"line":56,"column":4},"end":{"line":61,"column":5}},"25":{"start":{"line":57,"column":8},"end":{"line":57,"column":36}},"26":{"start":{"line":60,"column":8},"end":{"line":60,"column":20}},"27":{"start":{"line":63,"column":0},"end":{"line":63,"column":42}},"28":{"start":{"line":69,"column":26},"end":{"line":71,"column":1}},"29":{"start":{"line":70,"column":4},"end":{"line":70,"column":32}},"30":{"start":{"line":72,"column":0},"end":{"line":72,"column":46}}},"fnMap":{"0":{"name":"(anonymous_0)","decl":{"start":{"line":11,"column":26},"end":{"line":11,"column":27}},"loc":{"start":{"line":11,"column":49},"end":{"line":21,"column":1}},"line":11},"1":{"name":"(anonymous_1)","decl":{"start":{"line":30,"column":23},"end":{"line":30,"column":24}},"loc":{"start":{"line":30,"column":45},"end":{"line":48,"column":1}},"line":30},"2":{"name":"(anonymous_2)","decl":{"start":{"line":55,"column":24},"end":{"line":55,"column":25}},"loc":{"start":{"line":55,"column":32},"end":{"line":62,"column":1}},"line":55},"3":{"name":"(anonymous_3)","decl":{"start":{"line":69,"column":26},"end":{"line":69,"column":27}},"loc":{"start":{"line":69,"column":34},"end":{"line":71,"column":1}},"line":69}},"branchMap":{"0":{"loc":{"start":{"line":56,"column":4},"end":{"line":61,"column":5}},"type":"if","locations":[{"start":{"line":56,"column":4},"end":{"line":61,"column":5}},{"start":{"line":59,"column":9},"end":{"line":61,"column":5}}],"line":56},"1":{"loc":{"start":{"line":56,"column":8},"end":{"line":56,"column":44}},"type":"binary-expr","locations":[{"start":{"line":56,"column":8},"end":{"line":56,"column":20}},{"start":{"line":56,"column":24},"end":{"line":56,"column":44}}],"line":56}},"s":{"0":1,"1":1,"2":1,"3":1,"4":15,"5":15,"6":15,"7":15,"8":1,"9":1,"10":4,"11":4,"12":4,"13":4,"14":4,"15":4,"16":4,"17":4,"18":4,"19":4,"20":4,"21":4,"22":1,"23":1,"24":3,"25":1,"26":2,"27":1,"28":1,"29":0,"30":1},"f":{"0":15,"1":4,"2":3,"3":0},"b":{"0":[1,2],"1":[3,1]},"inputSourceMap":null,"_coverageSchema":"1a1c01bbd47fc00a2c39e90264f33305004495a9","hash":"1524d7b0aea04519b1ee21f3853871420c996707"}
,"/Users/Danny/Documents/freelance/rev-financial-api/dist/data/customers.js": {"path":"/Users/Danny/Documents/freelance/rev-financial-api/dist/data/customers.js","statementMap":{"0":{"start":{"line":2,"column":0},"end":{"line":2,"column":62}},"1":{"start":{"line":3,"column":0},"end":{"line":3,"column":58}},"2":{"start":{"line":4,"column":18},"end":{"line":21,"column":1}},"3":{"start":{"line":27,"column":23},"end":{"line":34,"column":1}},"4":{"start":{"line":28,"column":24},"end":{"line":31,"column":5}},"5":{"start":{"line":32,"column":4},"end":{"line":32,"column":32}},"6":{"start":{"line":33,"column":4},"end":{"line":33,"column":23}},"7":{"start":{"line":35,"column":0},"end":{"line":35,"column":40}},"8":{"start":{"line":40,"column":24},"end":{"line":42,"column":1}},"9":{"start":{"line":41,"column":4},"end":{"line":41,"column":21}},"10":{"start":{"line":43,"column":0},"end":{"line":43,"column":42}}},"fnMap":{"0":{"name":"(anonymous_0)","decl":{"start":{"line":27,"column":23},"end":{"line":27,"column":24}},"loc":{"start":{"line":27,"column":33},"end":{"line":34,"column":1}},"line":27},"1":{"name":"(anonymous_1)","decl":{"start":{"line":40,"column":24},"end":{"line":40,"column":25}},"loc":{"start":{"line":40,"column":30},"end":{"line":42,"column":1}},"line":40}},"branchMap":{},"s":{"0":1,"1":1,"2":1,"3":1,"4":0,"5":0,"6":0,"7":1,"8":1,"9":0,"10":1},"f":{"0":0,"1":0},"b":{},"inputSourceMap":null,"_coverageSchema":"1a1c01bbd47fc00a2c39e90264f33305004495a9","hash":"0da6c14c5b20296315fca1021be50273b63eab78"}
,"/Users/Danny/Documents/freelance/rev-financial-api/dist/data/index.js": {"path":"/Users/Danny/Documents/freelance/rev-financial-api/dist/data/index.js","statementMap":{"0":{"start":{"line":2,"column":22},"end":{"line":8,"column":3}},"1":{"start":{"line":3,"column":4},"end":{"line":3,"column":33}},"2":{"start":{"line":3,"column":26},"end":{"line":3,"column":33}},"3":{"start":{"line":4,"column":4},"end":{"line":4,"column":89}},"4":{"start":{"line":4,"column":71},"end":{"line":4,"column":83}},"5":{"start":{"line":6,"column":4},"end":{"line":6,"column":33}},"6":{"start":{"line":6,"column":26},"end":{"line":6,"column":33}},"7":{"start":{"line":7,"column":4},"end":{"line":7,"column":17}},"8":{"start":{"line":9,"column":19},"end":{"line":11,"column":1}},"9":{"start":{"line":10,"column":4},"end":{"line":10,"column":126}},"10":{"start":{"line":10,"column":21},"end":{"line":10,"column":126}},"11":{"start":{"line":10,"column":95},"end":{"line":10,"column":126}},"12":{"start":{"line":12,"column":0},"end":{"line":12,"column":62}},"13":{"start":{"line":13,"column":0},"end":{"line":13,"column":45}},"14":{"start":{"line":14,"column":0},"end":{"line":14,"column":46}}},"fnMap":{"0":{"name":"(anonymous_0)","decl":{"start":{"line":2,"column":74},"end":{"line":2,"column":75}},"loc":{"start":{"line":2,"column":96},"end":{"line":5,"column":1}},"line":2},"1":{"name":"(anonymous_1)","decl":{"start":{"line":4,"column":58},"end":{"line":4,"column":59}},"loc":{"start":{"line":4,"column":69},"end":{"line":4,"column":85}},"line":4},"2":{"name":"(anonymous_2)","decl":{"start":{"line":5,"column":6},"end":{"line":5,"column":7}},"loc":{"start":{"line":5,"column":28},"end":{"line":8,"column":1}},"line":5},"3":{"name":"(anonymous_3)","decl":{"start":{"line":9,"column":50},"end":{"line":9,"column":51}},"loc":{"start":{"line":9,"column":71},"end":{"line":11,"column":1}},"line":9}},"branchMap":{"0":{"loc":{"start":{"line":2,"column":22},"end":{"line":8,"column":3}},"type":"binary-expr","locations":[{"start":{"line":2,"column":23},"end":{"line":2,"column":27}},{"start":{"line":2,"column":31},"end":{"line":2,"column":51}},{"start":{"line":2,"column":57},"end":{"line":8,"column":2}}],"line":2},"1":{"loc":{"start":{"line":2,"column":57},"end":{"line":8,"column":2}},"type":"cond-expr","locations":[{"start":{"line":2,"column":74},"end":{"line":5,"column":1}},{"start":{"line":5,"column":6},"end":{"line":8,"column":1}}],"line":2},"2":{"loc":{"start":{"line":3,"column":4},"end":{"line":3,"column":33}},"type":"if","locations":[{"start":{"line":3,"column":4},"end":{"line":3,"column":33}},{"start":{},"end":{}}],"line":3},"3":{"loc":{"start":{"line":6,"column":4},"end":{"line":6,"column":33}},"type":"if","locations":[{"start":{"line":6,"column":4},"end":{"line":6,"column":33}},{"start":{},"end":{}}],"line":6},"4":{"loc":{"start":{"line":9,"column":19},"end":{"line":11,"column":1}},"type":"binary-expr","locations":[{"start":{"line":9,"column":20},"end":{"line":9,"column":24}},{"start":{"line":9,"column":28},"end":{"line":9,"column":45}},{"start":{"line":9,"column":50},"end":{"line":11,"column":1}}],"line":9},"5":{"loc":{"start":{"line":10,"column":21},"end":{"line":10,"column":126}},"type":"if","locations":[{"start":{"line":10,"column":21},"end":{"line":10,"column":126}},{"start":{},"end":{}}],"line":10},"6":{"loc":{"start":{"line":10,"column":25},"end":{"line":10,"column":93}},"type":"binary-expr","locations":[{"start":{"line":10,"column":25},"end":{"line":10,"column":40}},{"start":{"line":10,"column":44},"end":{"line":10,"column":93}}],"line":10}},"s":{"0":1,"1":6,"2":6,"3":6,"4":22,"5":0,"6":0,"7":0,"8":1,"9":2,"10":6,"11":6,"12":1,"13":1,"14":1},"f":{"0":6,"1":22,"2":0,"3":2},"b":{"0":[1,1,1],"1":[1,0],"2":[6,0],"3":[0,0],"4":[1,1,1],"5":[6,0],"6":[6,6]},"inputSourceMap":null,"_coverageSchema":"1a1c01bbd47fc00a2c39e90264f33305004495a9","hash":"b8488ea9ae1f74df23925ada8af3e0bc222d19cc"}
,"/Users/Danny/Documents/freelance/rev-financial-api/src/index.ts": {"path":"/Users/Danny/Documents/freelance/rev-financial-api/src/index.ts","statementMap":{"0":{"start":{"line":1,"column":0},"end":{"line":1,"column":53}},"1":{"start":{"line":2,"column":0},"end":{"line":2,"column":37}},"2":{"start":{"line":3,"column":0},"end":{"line":3,"column":76}},"3":{"start":{"line":5,"column":12},"end":{"line":5,"column":21}},"4":{"start":{"line":6,"column":13},"end":{"line":6,"column":17}},"5":{"start":{"line":8,"column":0},"end":{"line":8,"column":27}},"6":{"start":{"line":12,"column":0},"end":{"line":14,"column":3}},"7":{"start":{"line":13,"column":2},"end":{"line":13,"column":44}},"8":{"start":{"line":18,"column":0},"end":{"line":33,"column":3}},"9":{"start":{"line":19,"column":22},"end":{"line":19,"column":30}},"10":{"start":{"line":20,"column":25},"end":{"line":20,"column":35}},"11":{"start":{"line":21,"column":2},"end":{"line":23,"column":null}},"12":{"start":{"line":22,"column":4},"end":{"line":22,"column":91}},"13":{"start":{"line":24,"column":2},"end":{"line":26,"column":null}},"14":{"start":{"line":25,"column":4},"end":{"line":25,"column":82}},"15":{"start":{"line":27,"column":25},"end":{"line":27,"column":77}},"16":{"start":{"line":28,"column":2},"end":{"line":32,"column":null}},"17":{"start":{"line":29,"column":4},"end":{"line":29,"column":41}},"18":{"start":{"line":31,"column":4},"end":{"line":31,"column":75}},"19":{"start":{"line":37,"column":0},"end":{"line":55,"column":3}},"20":{"start":{"line":38,"column":21},"end":{"line":38,"column":29}},"21":{"start":{"line":39,"column":23},"end":{"line":39,"column":33}},"22":{"start":{"line":40,"column":2},"end":{"line":42,"column":null}},"23":{"start":{"line":41,"column":4},"end":{"line":41,"column":106}},"24":{"start":{"line":43,"column":2},"end":{"line":45,"column":null}},"25":{"start":{"line":44,"column":4},"end":{"line":44,"column":88}},"26":{"start":{"line":46,"column":2},"end":{"line":48,"column":null}},"27":{"start":{"line":47,"column":4},"end":{"line":47,"column":84}},"28":{"start":{"line":49,"column":22},"end":{"line":49,"column":82}},"29":{"start":{"line":50,"column":2},"end":{"line":54,"column":null}},"30":{"start":{"line":51,"column":4},"end":{"line":51,"column":38}},"31":{"start":{"line":53,"column":4},"end":{"line":53,"column":71}},"32":{"start":{"line":59,"column":0},"end":{"line":73,"column":3}},"33":{"start":{"line":60,"column":24},"end":{"line":60,"column":34}},"34":{"start":{"line":61,"column":2},"end":{"line":65,"column":null}},"35":{"start":{"line":63,"column":4},"end":{"line":63,"column":43}},"36":{"start":{"line":64,"column":4},"end":{"line":64,"column":106}},"37":{"start":{"line":66,"column":25},"end":{"line":66,"column":65}},"38":{"start":{"line":68,"column":2},"end":{"line":68,"column":48}},"39":{"start":{"line":69,"column":2},"end":{"line":71,"column":null}},"40":{"start":{"line":70,"column":4},"end":{"line":70,"column":83}},"41":{"start":{"line":72,"column":2},"end":{"line":72,"column":39}},"42":{"start":{"line":75,"column":0},"end":{"line":80,"column":null}},"43":{"start":{"line":76,"column":2},"end":{"line":79,"column":5}},"44":{"start":{"line":78,"column":4},"end":{"line":78,"column":55}},"45":{"start":{"line":82,"column":0},"end":{"line":82,"column":19}}},"fnMap":{"0":{"name":"(anonymous_1)","decl":{"start":{"line":12,"column":13},"end":{"line":12,"column":14}},"loc":{"start":{"line":12,"column":45},"end":{"line":14,"column":1}}},"1":{"name":"(anonymous_2)","decl":{"start":{"line":18,"column":33},"end":{"line":18,"column":34}},"loc":{"start":{"line":18,"column":65},"end":{"line":33,"column":1}}},"2":{"name":"(anonymous_3)","decl":{"start":{"line":37,"column":32},"end":{"line":37,"column":33}},"loc":{"start":{"line":37,"column":64},"end":{"line":55,"column":1}}},"3":{"name":"(anonymous_4)","decl":{"start":{"line":59,"column":39},"end":{"line":59,"column":40}},"loc":{"start":{"line":59,"column":71},"end":{"line":73,"column":1}}},"4":{"name":"(anonymous_5)","decl":{"start":{"line":76,"column":19},"end":{"line":76,"column":22}},"loc":{"start":{"line":76,"column":24},"end":{"line":79,"column":3}}}},"branchMap":{"0":{"loc":{"start":{"line":21,"column":2},"end":{"line":23,"column":null}},"type":"if","locations":[{"start":{"line":21,"column":2},"end":{"line":23,"column":null}}]},"1":{"loc":{"start":{"line":24,"column":2},"end":{"line":26,"column":null}},"type":"if","locations":[{"start":{"line":24,"column":2},"end":{"line":26,"column":null}}]},"2":{"loc":{"start":{"line":28,"column":2},"end":{"line":32,"column":null}},"type":"if","locations":[{"start":{"line":28,"column":2},"end":{"line":32,"column":null}},{"start":{"line":30,"column":9},"end":{"line":32,"column":null}}]},"3":{"loc":{"start":{"line":40,"column":2},"end":{"line":42,"column":null}},"type":"if","locations":[{"start":{"line":40,"column":2},"end":{"line":42,"column":null}}]},"4":{"loc":{"start":{"line":40,"column":6},"end":{"line":40,"column":88}},"type":"binary-expr","locations":[{"start":{"line":40,"column":6},"end":{"line":40,"column":11}},{"start":{"line":40,"column":15},"end":{"line":40,"column":18}},{"start":{"line":40,"column":22},"end":{"line":40,"column":54}},{"start":{"line":40,"column":58},"end":{"line":40,"column":88}}]},"5":{"loc":{"start":{"line":43,"column":2},"end":{"line":45,"column":null}},"type":"if","locations":[{"start":{"line":43,"column":2},"end":{"line":45,"column":null}}]},"6":{"loc":{"start":{"line":46,"column":2},"end":{"line":48,"column":null}},"type":"if","locations":[{"start":{"line":46,"column":2},"end":{"line":48,"column":null}}]},"7":{"loc":{"start":{"line":50,"column":2},"end":{"line":54,"column":null}},"type":"if","locations":[{"start":{"line":50,"column":2},"end":{"line":54,"column":null}},{"start":{"line":52,"column":9},"end":{"line":54,"column":null}}]},"8":{"loc":{"start":{"line":61,"column":2},"end":{"line":65,"column":null}},"type":"if","locations":[{"start":{"line":61,"column":2},"end":{"line":65,"column":null}}]},"9":{"loc":{"start":{"line":69,"column":2},"end":{"line":71,"column":null}},"type":"if","locations":[{"start":{"line":69,"column":2},"end":{"line":71,"column":null}}]},"10":{"loc":{"start":{"line":75,"column":0},"end":{"line":80,"column":null}},"type":"if","locations":[{"start":{"line":75,"column":0},"end":{"line":80,"column":null}}]}},"s":{"0":1,"1":1,"2":1,"3":1,"4":1,"5":1,"6":1,"7":0,"8":1,"9":15,"10":15,"11":15,"12":2,"13":15,"14":1,"15":15,"16":15,"17":15,"18":0,"19":1,"20":4,"21":4,"22":4,"23":0,"24":4,"25":1,"26":4,"27":1,"28":4,"29":4,"30":4,"31":0,"32":1,"33":3,"34":3,"35":1,"36":1,"37":3,"38":3,"39":3,"40":2,"41":2,"42":1,"43":0,"44":0,"45":1},"f":{"0":0,"1":15,"2":4,"3":3,"4":0},"b":{"0":[2],"1":[1],"2":[15,0],"3":[0],"4":[4,4,4,4],"5":[1],"6":[1],"7":[4,0],"8":[1],"9":[2],"10":[0]}}
,"/Users/Danny/Documents/freelance/rev-financial-api/src/data/accounts.ts": {"path":"/Users/Danny/Documents/freelance/rev-financial-api/src/data/accounts.ts","statementMap":{"0":{"start":{"line":3,"column":31},"end":{"line":3,"column":33}},"1":{"start":{"line":11,"column":33},"end":{"line":21,"column":1}},"2":{"start":{"line":12,"column":24},"end":{"line":12,"column":56}},"3":{"start":{"line":13,"column":34},"end":{"line":18,"column":4}},"4":{"start":{"line":19,"column":2},"end":{"line":19,"column":31}},"5":{"start":{"line":20,"column":2},"end":{"line":20,"column":20}},"6":{"start":{"line":11,"column":13},"end":{"line":11,"column":33}},"7":{"start":{"line":30,"column":30},"end":{"line":48,"column":1}},"8":{"start":{"line":31,"column":32},"end":{"line":36,"column":4}},"9":{"start":{"line":37,"column":22},"end":{"line":37,"column":36}},"10":{"start":{"line":38,"column":20},"end":{"line":38,"column":32}},"11":{"start":{"line":39,"column":25},"end":{"line":39,"column":53}},"12":{"start":{"line":40,"column":23},"end":{"line":40,"column":49}},"13":{"start":{"line":41,"column":29},"end":{"line":41,"column":53}},"14":{"start":{"line":42,"column":2},"end":{"line":42,"column":39}},"15":{"start":{"line":43,"column":27},"end":{"line":43,"column":49}},"16":{"start":{"line":44,"column":2},"end":{"line":44,"column":37}},"17":{"start":{"line":45,"column":2},"end":{"line":45,"column":92}},"18":{"start":{"line":46,"column":2},"end":{"line":46,"column":84}},"19":{"start":{"line":47,"column":2},"end":{"line":47,"column":21}},"20":{"start":{"line":30,"column":13},"end":{"line":30,"column":30}},"21":{"start":{"line":55,"column":31},"end":{"line":61,"column":1}},"22":{"start":{"line":56,"column":2},"end":{"line":60,"column":null}},"23":{"start":{"line":57,"column":4},"end":{"line":57,"column":32}},"24":{"start":{"line":59,"column":4},"end":{"line":59,"column":16}},"25":{"start":{"line":55,"column":13},"end":{"line":55,"column":31}},"26":{"start":{"line":68,"column":33},"end":{"line":70,"column":1}},"27":{"start":{"line":69,"column":2},"end":{"line":69,"column":30}},"28":{"start":{"line":68,"column":13},"end":{"line":68,"column":33}}},"fnMap":{"0":{"name":"(anonymous_0)","decl":{"start":{"line":11,"column":33},"end":{"line":11,"column":34}},"loc":{"start":{"line":11,"column":84},"end":{"line":21,"column":1}}},"1":{"name":"(anonymous_1)","decl":{"start":{"line":30,"column":30},"end":{"line":30,"column":31}},"loc":{"start":{"line":30,"column":85},"end":{"line":48,"column":1}}},"2":{"name":"(anonymous_2)","decl":{"start":{"line":55,"column":31},"end":{"line":55,"column":32}},"loc":{"start":{"line":55,"column":61},"end":{"line":61,"column":1}}},"3":{"name":"(anonymous_3)","decl":{"start":{"line":68,"column":33},"end":{"line":68,"column":34}},"loc":{"start":{"line":68,"column":60},"end":{"line":70,"column":1}}}},"branchMap":{"0":{"loc":{"start":{"line":56,"column":2},"end":{"line":60,"column":null}},"type":"if","locations":[{"start":{"line":56,"column":2},"end":{"line":60,"column":null}},{"start":{"line":58,"column":9},"end":{"line":60,"column":null}}]},"1":{"loc":{"start":{"line":56,"column":6},"end":{"line":56,"column":42}},"type":"binary-expr","locations":[{"start":{"line":56,"column":6},"end":{"line":56,"column":18}},{"start":{"line":56,"column":22},"end":{"line":56,"column":42}}]}},"s":{"0":1,"1":1,"2":15,"3":15,"4":15,"5":15,"6":1,"7":1,"8":4,"9":4,"10":4,"11":4,"12":4,"13":4,"14":4,"15":4,"16":4,"17":4,"18":4,"19":4,"20":1,"21":1,"22":3,"23":1,"24":2,"25":1,"26":1,"27":0,"28":1},"f":{"0":15,"1":4,"2":3,"3":0},"b":{"0":[1,2],"1":[3,1]}}
,"/Users/Danny/Documents/freelance/rev-financial-api/src/data/customers.ts": {"path":"/Users/Danny/Documents/freelance/rev-financial-api/src/data/customers.ts","statementMap":{"0":{"start":{"line":3,"column":30},"end":{"line":20,"column":2}},"1":{"start":{"line":27,"column":30},"end":{"line":34,"column":1}},"2":{"start":{"line":28,"column":32},"end":{"line":31,"column":4}},"3":{"start":{"line":32,"column":2},"end":{"line":32,"column":30}},"4":{"start":{"line":33,"column":2},"end":{"line":33,"column":21}},"5":{"start":{"line":27,"column":13},"end":{"line":27,"column":30}},"6":{"start":{"line":40,"column":31},"end":{"line":42,"column":1}},"7":{"start":{"line":41,"column":2},"end":{"line":41,"column":19}},"8":{"start":{"line":40,"column":13},"end":{"line":40,"column":31}}},"fnMap":{"0":{"name":"(anonymous_0)","decl":{"start":{"line":27,"column":30},"end":{"line":27,"column":31}},"loc":{"start":{"line":27,"column":57},"end":{"line":34,"column":1}}},"1":{"name":"(anonymous_1)","decl":{"start":{"line":40,"column":31},"end":{"line":40,"column":46}},"loc":{"start":{"line":40,"column":48},"end":{"line":42,"column":1}}}},"branchMap":{},"s":{"0":1,"1":1,"2":0,"3":0,"4":0,"5":1,"6":1,"7":0,"8":1},"f":{"0":0,"1":0},"b":{}}
,"/Users/Danny/Documents/freelance/rev-financial-api/src/data/index.ts": {"path":"/Users/Danny/Documents/freelance/rev-financial-api/src/data/index.ts","statementMap":{"0":{"start":{"line":1,"column":0},"end":{"line":1,"column":27}},"1":{"start":{"line":2,"column":0},"end":{"line":2,"column":28}}},"fnMap":{},"branchMap":{},"s":{"0":1,"1":1},"f":{},"b":{}}
}
