{"/Users/Danny/Documents/freelance/rev-financial-api/dist/index.js": {"path":"/Users/Danny/Documents/freelance/rev-financial-api/dist/index.js","statementMap":{"0":{"start":{"line":2,"column":22},"end":{"line":4,"column":1}},"1":{"start":{"line":3,"column":4},"end":{"line":3,"column":62}},"2":{"start":{"line":5,"column":0},"end":{"line":5,"column":62}},"3":{"start":{"line":6,"column":18},"end":{"line":6,"column":53}},"4":{"start":{"line":7,"column":22},"end":{"line":7,"column":61}},"5":{"start":{"line":8,"column":15},"end":{"line":8,"column":32}},"6":{"start":{"line":9,"column":12},"end":{"line":9,"column":36}},"7":{"start":{"line":10,"column":13},"end":{"line":10,"column":17}},"8":{"start":{"line":11,"column":0},"end":{"line":11,"column":38}},"9":{"start":{"line":13,"column":0},"end":{"line":15,"column":3}},"10":{"start":{"line":14,"column":4},"end":{"line":14,"column":46}},"11":{"start":{"line":17,"column":0},"end":{"line":33,"column":3}},"12":{"start":{"line":18,"column":24},"end":{"line":18,"column":32}},"13":{"start":{"line":19,"column":27},"end":{"line":19,"column":37}},"14":{"start":{"line":20,"column":4},"end":{"line":22,"column":5}},"15":{"start":{"line":21,"column":8},"end":{"line":21,"column":95}},"16":{"start":{"line":23,"column":4},"end":{"line":25,"column":5}},"17":{"start":{"line":24,"column":8},"end":{"line":24,"column":86}},"18":{"start":{"line":26,"column":27},"end":{"line":26,"column":90}},"19":{"start":{"line":27,"column":4},"end":{"line":32,"column":5}},"20":{"start":{"line":28,"column":8},"end":{"line":28,"column":45}},"21":{"start":{"line":31,"column":8},"end":{"line":31,"column":79}},"22":{"start":{"line":34,"column":0},"end":{"line":39,"column":1}},"23":{"start":{"line":35,"column":4},"end":{"line":38,"column":7}},"24":{"start":{"line":37,"column":8},"end":{"line":37,"column":59}},"25":{"start":{"line":40,"column":0},"end":{"line":40,"column":22}}},"fnMap":{"0":{"name":"(anonymous_0)","decl":{"start":{"line":2,"column":56},"end":{"line":2,"column":57}},"loc":{"start":{"line":2,"column":71},"end":{"line":4,"column":1}},"line":2},"1":{"name":"(anonymous_1)","decl":{"start":{"line":13,"column":13},"end":{"line":13,"column":14}},"loc":{"start":{"line":13,"column":27},"end":{"line":15,"column":1}},"line":13},"2":{"name":"(anonymous_2)","decl":{"start":{"line":17,"column":33},"end":{"line":17,"column":34}},"loc":{"start":{"line":17,"column":47},"end":{"line":33,"column":1}},"line":17},"3":{"name":"(anonymous_3)","decl":{"start":{"line":35,"column":21},"end":{"line":35,"column":22}},"loc":{"start":{"line":35,"column":27},"end":{"line":38,"column":5}},"line":35}},"branchMap":{"0":{"loc":{"start":{"line":2,"column":22},"end":{"line":4,"column":1}},"type":"binary-expr","locations":[{"start":{"line":2,"column":23},"end":{"line":2,"column":27}},{"start":{"line":2,"column":31},"end":{"line":2,"column":51}},{"start":{"line":2,"column":56},"end":{"line":4,"column":1}}],"line":2},"1":{"loc":{"start":{"line":3,"column":11},"end":{"line":3,"column":61}},"type":"cond-expr","locations":[{"start":{"line":3,"column":37},"end":{"line":3,"column":40}},{"start":{"line":3,"column":43},"end":{"line":3,"column":61}}],"line":3},"2":{"loc":{"start":{"line":3,"column":12},"end":{"line":3,"column":33}},"type":"binary-expr","locations":[{"start":{"line":3,"column":12},"end":{"line":3,"column":15}},{"start":{"line":3,"column":19},"end":{"line":3,"column":33}}],"line":3},"3":{"loc":{"start":{"line":20,"column":4},"end":{"line":22,"column":5}},"type":"if","locations":[{"start":{"line":20,"column":4},"end":{"line":22,"column":5}},{"start":{},"end":{}}],"line":20},"4":{"loc":{"start":{"line":23,"column":4},"end":{"line":25,"column":5}},"type":"if","locations":[{"start":{"line":23,"column":4},"end":{"line":25,"column":5}},{"start":{},"end":{}}],"line":23},"5":{"loc":{"start":{"line":23,"column":8},"end":{"line":23,"column":47}},"type":"binary-expr","locations":[{"start":{"line":23,"column":8},"end":{"line":23,"column":19}},{"start":{"line":23,"column":23},"end":{"line":23,"column":47}}],"line":23},"6":{"loc":{"start":{"line":27,"column":4},"end":{"line":32,"column":5}},"type":"if","locations":[{"start":{"line":27,"column":4},"end":{"line":32,"column":5}},{"start":{"line":30,"column":9},"end":{"line":32,"column":5}}],"line":27},"7":{"loc":{"start":{"line":34,"column":0},"end":{"line":39,"column":1}},"type":"if","locations":[{"start":{"line":34,"column":0},"end":{"line":39,"column":1}},{"start":{},"end":{}}],"line":34}},"s":{"0":1,"1":2,"2":1,"3":1,"4":1,"5":1,"6":1,"7":1,"8":1,"9":1,"10":0,"11":1,"12":1,"13":1,"14":1,"15":0,"16":1,"17":0,"18":1,"19":1,"20":1,"21":0,"22":1,"23":0,"24":0,"25":1},"f":{"0":2,"1":0,"2":1,"3":0},"b":{"0":[1,1,1],"1":[0,2],"2":[2,2],"3":[0,1],"4":[0,1],"5":[1,1],"6":[1,0],"7":[0,1]},"inputSourceMap":null,"_coverageSchema":"1a1c01bbd47fc00a2c39e90264f33305004495a9","hash":"f461b2ffdcdb0781da2f1df2e5e2a53ae0af2464"}
,"/Users/Danny/Documents/freelance/rev-financial-api/dist/data/accounts.js": {"path":"/Users/Danny/Documents/freelance/rev-financial-api/dist/data/accounts.js","statementMap":{"0":{"start":{"line":2,"column":0},"end":{"line":2,"column":62}},"1":{"start":{"line":3,"column":0},"end":{"line":3,"column":114}},"2":{"start":{"line":4,"column":17},"end":{"line":4,"column":19}},"3":{"start":{"line":11,"column":26},"end":{"line":21,"column":1}},"4":{"start":{"line":12,"column":18},"end":{"line":12,"column":50}},"5":{"start":{"line":13,"column":23},"end":{"line":18,"column":5}},"6":{"start":{"line":19,"column":4},"end":{"line":19,"column":33}},"7":{"start":{"line":20,"column":4},"end":{"line":20,"column":22}},"8":{"start":{"line":22,"column":0},"end":{"line":22,"column":46}},"9":{"start":{"line":30,"column":23},"end":{"line":48,"column":1}},"10":{"start":{"line":31,"column":24},"end":{"line":36,"column":5}},"11":{"start":{"line":37,"column":24},"end":{"line":37,"column":38}},"12":{"start":{"line":38,"column":22},"end":{"line":38,"column":34}},"13":{"start":{"line":39,"column":27},"end":{"line":39,"column":55}},"14":{"start":{"line":40,"column":25},"end":{"line":40,"column":51}},"15":{"start":{"line":41,"column":31},"end":{"line":41,"column":55}},"16":{"start":{"line":42,"column":4},"end":{"line":42,"column":41}},"17":{"start":{"line":43,"column":29},"end":{"line":43,"column":51}},"18":{"start":{"line":44,"column":4},"end":{"line":44,"column":39}},"19":{"start":{"line":45,"column":4},"end":{"line":45,"column":125}},"20":{"start":{"line":46,"column":4},"end":{"line":46,"column":117}},"21":{"start":{"line":47,"column":4},"end":{"line":47,"column":23}},"22":{"start":{"line":49,"column":0},"end":{"line":49,"column":40}},"23":{"start":{"line":55,"column":24},"end":{"line":57,"column":1}},"24":{"start":{"line":56,"column":4},"end":{"line":56,"column":32}},"25":{"start":{"line":58,"column":0},"end":{"line":58,"column":42}},"26":{"start":{"line":64,"column":26},"end":{"line":66,"column":1}},"27":{"start":{"line":65,"column":4},"end":{"line":65,"column":32}},"28":{"start":{"line":67,"column":0},"end":{"line":67,"column":46}}},"fnMap":{"0":{"name":"(anonymous_0)","decl":{"start":{"line":11,"column":26},"end":{"line":11,"column":27}},"loc":{"start":{"line":11,"column":49},"end":{"line":21,"column":1}},"line":11},"1":{"name":"(anonymous_1)","decl":{"start":{"line":30,"column":23},"end":{"line":30,"column":24}},"loc":{"start":{"line":30,"column":45},"end":{"line":48,"column":1}},"line":30},"2":{"name":"(anonymous_2)","decl":{"start":{"line":55,"column":24},"end":{"line":55,"column":25}},"loc":{"start":{"line":55,"column":32},"end":{"line":57,"column":1}},"line":55},"3":{"name":"(anonymous_3)","decl":{"start":{"line":64,"column":26},"end":{"line":64,"column":27}},"loc":{"start":{"line":64,"column":34},"end":{"line":66,"column":1}},"line":64}},"branchMap":{},"s":{"0":1,"1":1,"2":1,"3":1,"4":1,"5":1,"6":1,"7":1,"8":1,"9":1,"10":0,"11":0,"12":0,"13":0,"14":0,"15":0,"16":0,"17":0,"18":0,"19":0,"20":0,"21":0,"22":1,"23":1,"24":0,"25":1,"26":1,"27":0,"28":1},"f":{"0":1,"1":0,"2":0,"3":0},"b":{},"inputSourceMap":null,"_coverageSchema":"1a1c01bbd47fc00a2c39e90264f33305004495a9","hash":"915b882c0e45f84f48957d951eba8888dbd7a3fe"}
,"/Users/Danny/Documents/freelance/rev-financial-api/dist/data/customers.js": {"path":"/Users/Danny/Documents/freelance/rev-financial-api/dist/data/customers.js","statementMap":{"0":{"start":{"line":2,"column":0},"end":{"line":2,"column":62}},"1":{"start":{"line":3,"column":0},"end":{"line":3,"column":58}},"2":{"start":{"line":4,"column":18},"end":{"line":21,"column":1}},"3":{"start":{"line":27,"column":23},"end":{"line":34,"column":1}},"4":{"start":{"line":28,"column":24},"end":{"line":31,"column":5}},"5":{"start":{"line":32,"column":4},"end":{"line":32,"column":32}},"6":{"start":{"line":33,"column":4},"end":{"line":33,"column":23}},"7":{"start":{"line":35,"column":0},"end":{"line":35,"column":40}},"8":{"start":{"line":40,"column":24},"end":{"line":42,"column":1}},"9":{"start":{"line":41,"column":4},"end":{"line":41,"column":21}},"10":{"start":{"line":43,"column":0},"end":{"line":43,"column":42}}},"fnMap":{"0":{"name":"(anonymous_0)","decl":{"start":{"line":27,"column":23},"end":{"line":27,"column":24}},"loc":{"start":{"line":27,"column":33},"end":{"line":34,"column":1}},"line":27},"1":{"name":"(anonymous_1)","decl":{"start":{"line":40,"column":24},"end":{"line":40,"column":25}},"loc":{"start":{"line":40,"column":30},"end":{"line":42,"column":1}},"line":40}},"branchMap":{},"s":{"0":1,"1":1,"2":1,"3":1,"4":0,"5":0,"6":0,"7":1,"8":1,"9":0,"10":1},"f":{"0":0,"1":0},"b":{},"inputSourceMap":null,"_coverageSchema":"1a1c01bbd47fc00a2c39e90264f33305004495a9","hash":"0da6c14c5b20296315fca1021be50273b63eab78"}
,"/Users/Danny/Documents/freelance/rev-financial-api/dist/data/index.js": {"path":"/Users/Danny/Documents/freelance/rev-financial-api/dist/data/index.js","statementMap":{"0":{"start":{"line":2,"column":22},"end":{"line":8,"column":3}},"1":{"start":{"line":3,"column":4},"end":{"line":3,"column":33}},"2":{"start":{"line":3,"column":26},"end":{"line":3,"column":33}},"3":{"start":{"line":4,"column":4},"end":{"line":4,"column":89}},"4":{"start":{"line":4,"column":71},"end":{"line":4,"column":83}},"5":{"start":{"line":6,"column":4},"end":{"line":6,"column":33}},"6":{"start":{"line":6,"column":26},"end":{"line":6,"column":33}},"7":{"start":{"line":7,"column":4},"end":{"line":7,"column":17}},"8":{"start":{"line":9,"column":19},"end":{"line":11,"column":1}},"9":{"start":{"line":10,"column":4},"end":{"line":10,"column":126}},"10":{"start":{"line":10,"column":21},"end":{"line":10,"column":126}},"11":{"start":{"line":10,"column":95},"end":{"line":10,"column":126}},"12":{"start":{"line":12,"column":0},"end":{"line":12,"column":62}},"13":{"start":{"line":13,"column":0},"end":{"line":13,"column":45}},"14":{"start":{"line":14,"column":0},"end":{"line":14,"column":46}}},"fnMap":{"0":{"name":"(anonymous_0)","decl":{"start":{"line":2,"column":74},"end":{"line":2,"column":75}},"loc":{"start":{"line":2,"column":96},"end":{"line":5,"column":1}},"line":2},"1":{"name":"(anonymous_1)","decl":{"start":{"line":4,"column":58},"end":{"line":4,"column":59}},"loc":{"start":{"line":4,"column":69},"end":{"line":4,"column":85}},"line":4},"2":{"name":"(anonymous_2)","decl":{"start":{"line":5,"column":6},"end":{"line":5,"column":7}},"loc":{"start":{"line":5,"column":28},"end":{"line":8,"column":1}},"line":5},"3":{"name":"(anonymous_3)","decl":{"start":{"line":9,"column":50},"end":{"line":9,"column":51}},"loc":{"start":{"line":9,"column":71},"end":{"line":11,"column":1}},"line":9}},"branchMap":{"0":{"loc":{"start":{"line":2,"column":22},"end":{"line":8,"column":3}},"type":"binary-expr","locations":[{"start":{"line":2,"column":23},"end":{"line":2,"column":27}},{"start":{"line":2,"column":31},"end":{"line":2,"column":51}},{"start":{"line":2,"column":57},"end":{"line":8,"column":2}}],"line":2},"1":{"loc":{"start":{"line":2,"column":57},"end":{"line":8,"column":2}},"type":"cond-expr","locations":[{"start":{"line":2,"column":74},"end":{"line":5,"column":1}},{"start":{"line":5,"column":6},"end":{"line":8,"column":1}}],"line":2},"2":{"loc":{"start":{"line":3,"column":4},"end":{"line":3,"column":33}},"type":"if","locations":[{"start":{"line":3,"column":4},"end":{"line":3,"column":33}},{"start":{},"end":{}}],"line":3},"3":{"loc":{"start":{"line":6,"column":4},"end":{"line":6,"column":33}},"type":"if","locations":[{"start":{"line":6,"column":4},"end":{"line":6,"column":33}},{"start":{},"end":{}}],"line":6},"4":{"loc":{"start":{"line":9,"column":19},"end":{"line":11,"column":1}},"type":"binary-expr","locations":[{"start":{"line":9,"column":20},"end":{"line":9,"column":24}},{"start":{"line":9,"column":28},"end":{"line":9,"column":45}},{"start":{"line":9,"column":50},"end":{"line":11,"column":1}}],"line":9},"5":{"loc":{"start":{"line":10,"column":21},"end":{"line":10,"column":126}},"type":"if","locations":[{"start":{"line":10,"column":21},"end":{"line":10,"column":126}},{"start":{},"end":{}}],"line":10},"6":{"loc":{"start":{"line":10,"column":25},"end":{"line":10,"column":93}},"type":"binary-expr","locations":[{"start":{"line":10,"column":25},"end":{"line":10,"column":40}},{"start":{"line":10,"column":44},"end":{"line":10,"column":93}}],"line":10}},"s":{"0":1,"1":6,"2":6,"3":6,"4":1,"5":0,"6":0,"7":0,"8":1,"9":2,"10":6,"11":6,"12":1,"13":1,"14":1},"f":{"0":6,"1":1,"2":0,"3":2},"b":{"0":[1,1,1],"1":[1,0],"2":[6,0],"3":[0,0],"4":[1,1,1],"5":[6,0],"6":[6,6]},"inputSourceMap":null,"_coverageSchema":"1a1c01bbd47fc00a2c39e90264f33305004495a9","hash":"b8488ea9ae1f74df23925ada8af3e0bc222d19cc"}
,"/Users/Danny/Documents/freelance/rev-financial-api/src/index.ts": {"path":"/Users/Danny/Documents/freelance/rev-financial-api/src/index.ts","statementMap":{"0":{"start":{"line":1,"column":0},"end":{"line":1,"column":53}},"1":{"start":{"line":2,"column":0},"end":{"line":2,"column":37}},"2":{"start":{"line":3,"column":0},"end":{"line":3,"column":44}},"3":{"start":{"line":5,"column":12},"end":{"line":5,"column":21}},"4":{"start":{"line":6,"column":13},"end":{"line":6,"column":17}},"5":{"start":{"line":8,"column":0},"end":{"line":8,"column":27}},"6":{"start":{"line":11,"column":0},"end":{"line":13,"column":3}},"7":{"start":{"line":12,"column":2},"end":{"line":12,"column":44}},"8":{"start":{"line":16,"column":0},"end":{"line":31,"column":3}},"9":{"start":{"line":17,"column":22},"end":{"line":17,"column":30}},"10":{"start":{"line":18,"column":25},"end":{"line":18,"column":35}},"11":{"start":{"line":19,"column":2},"end":{"line":21,"column":null}},"12":{"start":{"line":20,"column":4},"end":{"line":20,"column":91}},"13":{"start":{"line":22,"column":2},"end":{"line":24,"column":null}},"14":{"start":{"line":23,"column":4},"end":{"line":23,"column":82}},"15":{"start":{"line":25,"column":25},"end":{"line":25,"column":76}},"16":{"start":{"line":26,"column":2},"end":{"line":30,"column":null}},"17":{"start":{"line":27,"column":4},"end":{"line":27,"column":41}},"18":{"start":{"line":29,"column":4},"end":{"line":29,"column":75}},"19":{"start":{"line":33,"column":0},"end":{"line":38,"column":null}},"20":{"start":{"line":34,"column":2},"end":{"line":37,"column":5}},"21":{"start":{"line":36,"column":4},"end":{"line":36,"column":55}},"22":{"start":{"line":40,"column":0},"end":{"line":40,"column":19}}},"fnMap":{"0":{"name":"(anonymous_1)","decl":{"start":{"line":11,"column":13},"end":{"line":11,"column":14}},"loc":{"start":{"line":11,"column":45},"end":{"line":13,"column":1}}},"1":{"name":"(anonymous_2)","decl":{"start":{"line":16,"column":33},"end":{"line":16,"column":34}},"loc":{"start":{"line":16,"column":65},"end":{"line":31,"column":1}}},"2":{"name":"(anonymous_3)","decl":{"start":{"line":34,"column":19},"end":{"line":34,"column":22}},"loc":{"start":{"line":34,"column":24},"end":{"line":37,"column":3}}}},"branchMap":{"0":{"loc":{"start":{"line":19,"column":2},"end":{"line":21,"column":null}},"type":"if","locations":[{"start":{"line":19,"column":2},"end":{"line":21,"column":null}}]},"1":{"loc":{"start":{"line":22,"column":2},"end":{"line":24,"column":null}},"type":"if","locations":[{"start":{"line":22,"column":2},"end":{"line":24,"column":null}}]},"2":{"loc":{"start":{"line":22,"column":6},"end":{"line":22,"column":45}},"type":"binary-expr","locations":[{"start":{"line":22,"column":6},"end":{"line":22,"column":17}},{"start":{"line":22,"column":21},"end":{"line":22,"column":45}}]},"3":{"loc":{"start":{"line":26,"column":2},"end":{"line":30,"column":null}},"type":"if","locations":[{"start":{"line":26,"column":2},"end":{"line":30,"column":null}},{"start":{"line":28,"column":9},"end":{"line":30,"column":null}}]},"4":{"loc":{"start":{"line":33,"column":0},"end":{"line":38,"column":null}},"type":"if","locations":[{"start":{"line":33,"column":0},"end":{"line":38,"column":null}}]}},"s":{"0":1,"1":1,"2":1,"3":1,"4":1,"5":1,"6":1,"7":0,"8":1,"9":4,"10":4,"11":4,"12":2,"13":4,"14":1,"15":4,"16":4,"17":4,"18":0,"19":1,"20":0,"21":0,"22":1},"f":{"0":0,"1":4,"2":0},"b":{"0":[2],"1":[1],"2":[4,4],"3":[4,0],"4":[0]}}
,"/Users/Danny/Documents/freelance/rev-financial-api/src/data/accounts.ts": {"path":"/Users/Danny/Documents/freelance/rev-financial-api/src/data/accounts.ts","statementMap":{"0":{"start":{"line":3,"column":31},"end":{"line":3,"column":33}},"1":{"start":{"line":11,"column":33},"end":{"line":21,"column":1}},"2":{"start":{"line":12,"column":24},"end":{"line":12,"column":56}},"3":{"start":{"line":13,"column":34},"end":{"line":18,"column":4}},"4":{"start":{"line":19,"column":2},"end":{"line":19,"column":31}},"5":{"start":{"line":20,"column":2},"end":{"line":20,"column":20}},"6":{"start":{"line":11,"column":13},"end":{"line":11,"column":33}},"7":{"start":{"line":30,"column":30},"end":{"line":48,"column":1}},"8":{"start":{"line":31,"column":32},"end":{"line":36,"column":4}},"9":{"start":{"line":37,"column":22},"end":{"line":37,"column":36}},"10":{"start":{"line":38,"column":20},"end":{"line":38,"column":32}},"11":{"start":{"line":39,"column":25},"end":{"line":39,"column":53}},"12":{"start":{"line":40,"column":23},"end":{"line":40,"column":49}},"13":{"start":{"line":41,"column":29},"end":{"line":41,"column":53}},"14":{"start":{"line":42,"column":2},"end":{"line":42,"column":39}},"15":{"start":{"line":43,"column":27},"end":{"line":43,"column":49}},"16":{"start":{"line":44,"column":2},"end":{"line":44,"column":37}},"17":{"start":{"line":45,"column":2},"end":{"line":45,"column":92}},"18":{"start":{"line":46,"column":2},"end":{"line":46,"column":84}},"19":{"start":{"line":47,"column":2},"end":{"line":47,"column":21}},"20":{"start":{"line":30,"column":13},"end":{"line":30,"column":30}},"21":{"start":{"line":55,"column":31},"end":{"line":57,"column":1}},"22":{"start":{"line":56,"column":2},"end":{"line":56,"column":30}},"23":{"start":{"line":55,"column":13},"end":{"line":55,"column":31}},"24":{"start":{"line":64,"column":33},"end":{"line":66,"column":1}},"25":{"start":{"line":65,"column":2},"end":{"line":65,"column":30}},"26":{"start":{"line":64,"column":13},"end":{"line":64,"column":33}}},"fnMap":{"0":{"name":"(anonymous_0)","decl":{"start":{"line":11,"column":33},"end":{"line":11,"column":34}},"loc":{"start":{"line":11,"column":84},"end":{"line":21,"column":1}}},"1":{"name":"(anonymous_1)","decl":{"start":{"line":30,"column":30},"end":{"line":30,"column":31}},"loc":{"start":{"line":30,"column":85},"end":{"line":48,"column":1}}},"2":{"name":"(anonymous_2)","decl":{"start":{"line":55,"column":31},"end":{"line":55,"column":32}},"loc":{"start":{"line":55,"column":54},"end":{"line":57,"column":1}}},"3":{"name":"(anonymous_3)","decl":{"start":{"line":64,"column":33},"end":{"line":64,"column":34}},"loc":{"start":{"line":64,"column":60},"end":{"line":66,"column":1}}}},"branchMap":{},"s":{"0":1,"1":1,"2":4,"3":4,"4":4,"5":4,"6":1,"7":1,"8":0,"9":0,"10":0,"11":0,"12":0,"13":0,"14":0,"15":0,"16":0,"17":0,"18":0,"19":0,"20":1,"21":1,"22":0,"23":1,"24":1,"25":0,"26":1},"f":{"0":4,"1":0,"2":0,"3":0},"b":{}}
,"/Users/Danny/Documents/freelance/rev-financial-api/src/data/customers.ts": {"path":"/Users/Danny/Documents/freelance/rev-financial-api/src/data/customers.ts","statementMap":{"0":{"start":{"line":3,"column":30},"end":{"line":20,"column":2}},"1":{"start":{"line":27,"column":30},"end":{"line":34,"column":1}},"2":{"start":{"line":28,"column":32},"end":{"line":31,"column":4}},"3":{"start":{"line":32,"column":2},"end":{"line":32,"column":30}},"4":{"start":{"line":33,"column":2},"end":{"line":33,"column":21}},"5":{"start":{"line":27,"column":13},"end":{"line":27,"column":30}},"6":{"start":{"line":40,"column":31},"end":{"line":42,"column":1}},"7":{"start":{"line":41,"column":2},"end":{"line":41,"column":19}},"8":{"start":{"line":40,"column":13},"end":{"line":40,"column":31}}},"fnMap":{"0":{"name":"(anonymous_0)","decl":{"start":{"line":27,"column":30},"end":{"line":27,"column":31}},"loc":{"start":{"line":27,"column":57},"end":{"line":34,"column":1}}},"1":{"name":"(anonymous_1)","decl":{"start":{"line":40,"column":31},"end":{"line":40,"column":46}},"loc":{"start":{"line":40,"column":48},"end":{"line":42,"column":1}}}},"branchMap":{},"s":{"0":1,"1":1,"2":0,"3":0,"4":0,"5":1,"6":1,"7":0,"8":1},"f":{"0":0,"1":0},"b":{}}
,"/Users/Danny/Documents/freelance/rev-financial-api/src/data/index.ts": {"path":"/Users/Danny/Documents/freelance/rev-financial-api/src/data/index.ts","statementMap":{"0":{"start":{"line":1,"column":0},"end":{"line":1,"column":27}},"1":{"start":{"line":2,"column":0},"end":{"line":2,"column":28}}},"fnMap":{},"branchMap":{},"s":{"0":1,"1":1},"f":{},"b":{}}
}
