TN:
SF:src/index.ts
FN:8,(anonymous_1)
FN:13,(anonymous_2)
FN:24,(anonymous_3)
FNF:3
FNH:2
FNDA:0,(anonymous_1)
FNDA:2,(anonymous_2)
FNDA:1,(anonymous_3)
DA:1,1
DA:2,1
DA:4,1
DA:5,1
DA:8,1
DA:9,0
DA:13,1
DA:15,2
DA:16,2
DA:17,2
DA:18,2
DA:20,0
DA:24,1
DA:26,1
DA:29,1
LF:15
LH:13
BRDA:17,0,0,2
BRDA:17,0,1,0
BRF:2
BRH:1
end_of_record
TN:
SF:src/data/accounts.ts
FN:11,(anonymous_0)
FN:30,(anonymous_1)
FN:55,(anonymous_2)
FN:64,(anonymous_3)
FNF:4
FNH:0
FNDA:0,(anonymous_0)
FNDA:0,(anonymous_1)
FNDA:0,(anonymous_2)
FNDA:0,(anonymous_3)
DA:3,1
DA:11,1
DA:12,0
DA:13,0
DA:19,0
DA:20,0
DA:30,1
DA:31,0
DA:37,0
DA:38,0
DA:39,0
DA:40,0
DA:41,0
DA:42,0
DA:43,0
DA:44,0
DA:45,0
DA:46,0
DA:47,0
DA:55,1
DA:56,0
DA:64,1
DA:65,0
LF:23
LH:5
BRF:0
BRH:0
end_of_record
TN:
SF:src/data/customers.ts
FN:27,(anonymous_0)
FN:40,(anonymous_1)
FNF:2
FNH:1
FNDA:0,(anonymous_0)
FNDA:2,(anonymous_1)
DA:3,1
DA:27,1
DA:28,0
DA:32,0
DA:33,0
DA:40,1
DA:41,2
LF:7
LH:4
BRF:0
BRH:0
end_of_record
TN:
SF:src/data/index.ts
FNF:0
FNH:0
DA:1,1
DA:2,1
LF:2
LH:2
BRF:0
BRH:0
end_of_record
