TN:
SF:dist/index.js
FN:2,(anonymous_0)
FN:13,(anonymous_1)
FN:17,(anonymous_2)
FN:35,(anonymous_3)
FNF:4
FNH:2
FNDA:2,(anonymous_0)
FNDA:0,(anonymous_1)
FNDA:1,(anonymous_2)
FNDA:0,(anonymous_3)
DA:2,1
DA:3,2
DA:5,1
DA:6,1
DA:7,1
DA:8,1
DA:9,1
DA:10,1
DA:11,1
DA:13,1
DA:14,0
DA:17,1
DA:18,1
DA:19,1
DA:20,1
DA:21,0
DA:23,1
DA:24,0
DA:26,1
DA:27,1
DA:28,1
DA:31,0
DA:34,1
DA:35,0
DA:37,0
DA:40,1
LF:26
LH:20
BRDA:2,0,0,1
BRDA:2,0,1,1
BRDA:2,0,2,1
BRDA:3,1,0,0
BRDA:3,1,1,2
BRDA:3,2,0,2
BRDA:3,2,1,2
BRDA:20,3,0,0
BRDA:20,3,1,1
BRDA:23,4,0,0
BRDA:23,4,1,1
BRDA:23,5,0,1
BRDA:23,5,1,1
BRDA:27,6,0,1
BRDA:27,6,1,0
BRDA:34,7,0,0
BRDA:34,7,1,1
BRF:17
BRH:12
end_of_record
TN:
SF:dist/data/accounts.js
FN:11,(anonymous_0)
FN:30,(anonymous_1)
FN:55,(anonymous_2)
FN:64,(anonymous_3)
FNF:4
FNH:1
FNDA:1,(anonymous_0)
FNDA:0,(anonymous_1)
FNDA:0,(anonymous_2)
FNDA:0,(anonymous_3)
DA:2,1
DA:3,1
DA:4,1
DA:11,1
DA:12,1
DA:13,1
DA:19,1
DA:20,1
DA:22,1
DA:30,1
DA:31,0
DA:37,0
DA:38,0
DA:39,0
DA:40,0
DA:41,0
DA:42,0
DA:43,0
DA:44,0
DA:45,0
DA:46,0
DA:47,0
DA:49,1
DA:55,1
DA:56,0
DA:58,1
DA:64,1
DA:65,0
DA:67,1
LF:29
LH:15
BRF:0
BRH:0
end_of_record
TN:
SF:dist/data/customers.js
FN:27,(anonymous_0)
FN:40,(anonymous_1)
FNF:2
FNH:0
FNDA:0,(anonymous_0)
FNDA:0,(anonymous_1)
DA:2,1
DA:3,1
DA:4,1
DA:27,1
DA:28,0
DA:32,0
DA:33,0
DA:35,1
DA:40,1
DA:41,0
DA:43,1
LF:11
LH:7
BRF:0
BRH:0
end_of_record
TN:
SF:dist/data/index.js
FN:2,(anonymous_0)
FN:4,(anonymous_1)
FN:5,(anonymous_2)
FN:9,(anonymous_3)
FNF:4
FNH:3
FNDA:6,(anonymous_0)
FNDA:1,(anonymous_1)
FNDA:0,(anonymous_2)
FNDA:2,(anonymous_3)
DA:2,1
DA:3,6
DA:4,6
DA:6,0
DA:7,0
DA:9,1
DA:10,6
DA:12,1
DA:13,1
DA:14,1
LF:10
LH:8
BRDA:2,0,0,1
BRDA:2,0,1,1
BRDA:2,0,2,1
BRDA:2,1,0,1
BRDA:2,1,1,0
BRDA:3,2,0,6
BRDA:3,2,1,0
BRDA:6,3,0,0
BRDA:6,3,1,0
BRDA:9,4,0,1
BRDA:9,4,1,1
BRDA:9,4,2,1
BRDA:10,5,0,6
BRDA:10,5,1,0
BRDA:10,6,0,6
BRDA:10,6,1,6
BRF:16
BRH:11
end_of_record
TN:
SF:src/index.ts
FN:11,(anonymous_1)
FN:16,(anonymous_2)
FN:34,(anonymous_3)
FNF:3
FNH:1
FNDA:0,(anonymous_1)
FNDA:4,(anonymous_2)
FNDA:0,(anonymous_3)
DA:1,1
DA:2,1
DA:3,1
DA:5,1
DA:6,1
DA:8,1
DA:11,1
DA:12,0
DA:16,1
DA:17,4
DA:18,4
DA:19,4
DA:20,2
DA:22,4
DA:23,1
DA:25,4
DA:26,4
DA:27,4
DA:29,0
DA:33,1
DA:34,0
DA:36,0
DA:40,1
LF:23
LH:19
BRDA:19,0,0,2
BRDA:22,1,0,1
BRDA:22,2,0,4
BRDA:22,2,1,4
BRDA:26,3,0,4
BRDA:26,3,1,0
BRDA:33,4,0,0
BRF:7
BRH:5
end_of_record
TN:
SF:src/data/accounts.ts
FN:11,(anonymous_0)
FN:30,(anonymous_1)
FN:55,(anonymous_2)
FN:64,(anonymous_3)
FNF:4
FNH:1
FNDA:4,(anonymous_0)
FNDA:0,(anonymous_1)
FNDA:0,(anonymous_2)
FNDA:0,(anonymous_3)
DA:3,1
DA:11,1
DA:12,4
DA:13,4
DA:19,4
DA:20,4
DA:30,1
DA:31,0
DA:37,0
DA:38,0
DA:39,0
DA:40,0
DA:41,0
DA:42,0
DA:43,0
DA:44,0
DA:45,0
DA:46,0
DA:47,0
DA:55,1
DA:56,0
DA:64,1
DA:65,0
LF:23
LH:9
BRF:0
BRH:0
end_of_record
TN:
SF:src/data/customers.ts
FN:27,(anonymous_0)
FN:40,(anonymous_1)
FNF:2
FNH:0
FNDA:0,(anonymous_0)
FNDA:0,(anonymous_1)
DA:3,1
DA:27,1
DA:28,0
DA:32,0
DA:33,0
DA:40,1
DA:41,0
LF:7
LH:3
BRF:0
BRH:0
end_of_record
TN:
SF:src/data/index.ts
FNF:0
FNH:0
DA:1,1
DA:2,1
LF:2
LH:2
BRF:0
BRH:0
end_of_record
